<?xml version="1.0" encoding="UTF-8"?>
<!-- Generated by org.testng.reporters.JUnitXMLReporter -->
<testsuite ignored="6" hostname="LIN51015648" failures="1" tests="8" name="Test" time="249.66" errors="0" timestamp="2022-05-05T15:11:58 IST">
  <testcase classname="tests.QITS.TC01_NewMaterialEntry" name="Login" time="20.095"/>
  <testcase classname="tests.QITS.TC01_NewMaterialEntry" name="NewMaterialEntry" time="29.645"/>
  <testcase classname="tests.QITS.TC02_NewSupplierEntry" name="Login" time="24.234"/>
  <testcase classname="tests.QITS.TC02_NewSupplierEntry" name="NewSupplierEntry" time="16.737">
    <failure type="java.lang.AssertionError" message="The following asserts failed:
	expected [true] but found [false]">
      <![CDATA[java.lang.AssertionError: The following asserts failed:
expected [true] but found [false]
at com.framework.BaseExecutor.run(BaseExecutor.java:109)
at java.base/java.util.ArrayList.forEach(ArrayList.java:1511)
... Removed 23 stack frames]]>
    </failure>
  </testcase> <!-- NewSupplierEntry -->
  <testcase classname="tests.QITS.TC03_NewPlantMatSuppConnect" name="Login" time="19.636"/>
  <testcase classname="tests.QITS.TC03_NewPlantMatSuppConnect" name="NewPlantMatSuppConnectEntry" time="25.366"/>
  <testcase classname="tests.QITS.TC04_MaterialSpecification" name="Login" time="20.394"/>
  <testcase classname="tests.QITS.TC04_MaterialSpecification" name="materialSpecification" time="19.736"/>
  <testcase classname="com.framework.BaseExecutor" name="@AfterSuite afterSuite" time="0.0">
    <ignored/>
  </testcase> <!-- @AfterSuite afterSuite -->
  <testcase classname="com.framework.BaseExecutor" name="@AfterSuite afterSuite" time="0.0">
    <ignored/>
  </testcase> <!-- @AfterSuite afterSuite -->
  <testcase classname="com.framework.BaseExecutor" name="@AfterSuite afterSuite" time="0.0">
    <ignored/>
  </testcase> <!-- @AfterSuite afterSuite -->
  <testcase classname="com.framework.BaseExecutor" name="@BeforeSuite setupExtentReport" time="0.0">
    <ignored/>
  </testcase> <!-- @BeforeSuite setupExtentReport -->
  <testcase classname="com.framework.BaseExecutor" name="@BeforeSuite setupExtentReport" time="0.0">
    <ignored/>
  </testcase> <!-- @BeforeSuite setupExtentReport -->
  <testcase classname="com.framework.BaseExecutor" name="@BeforeSuite setupExtentReport" time="0.0">
    <ignored/>
  </testcase> <!-- @BeforeSuite setupExtentReport -->
</testsuite> <!-- Test -->
