<?xml version="1.0" encoding="UTF-8"?>
<testng-results ignored="0" total="2" passed="2" failed="0" skipped="0">
  <reporter-output>
  </reporter-output>
  <suite started-at="2023-08-09T19:25:41 IST" name="Default suite" finished-at="2023-08-09T19:26:46 IST" duration-ms="64484">
    <groups>
    </groups>
    <test started-at="2023-08-09T19:25:41 IST" name="Default test" finished-at="2023-08-09T19:26:46 IST" duration-ms="64484">
      <class name="tests.EFA.Template_Master">
        <test-method is-config="true" signature="setupExtentReport()[pri:0, instance:tests.EFA.Template_Master@8f2ef19]" started-at="2023-08-09T19:25:41 IST" name="setupExtentReport" finished-at="2023-08-09T19:25:41 IST" duration-ms="257" status="PASS">
          <reporter-output>
          </reporter-output>
        </test-method> <!-- setupExtentReport -->
        <test-method is-config="true" signature="preCondition()[pri:0, instance:tests.EFA.Template_Master@8f2ef19]" started-at="2023-08-09T19:25:41 IST" name="preCondition" finished-at="2023-08-09T19:25:44 IST" duration-ms="2919" status="PASS">
          <reporter-output>
          </reporter-output>
        </test-method> <!-- preCondition -->
        <test-method signature="Login()[pri:0, instance:tests.EFA.Template_Master@8f2ef19]" started-at="2023-08-09T19:25:44 IST" name="Login" finished-at="2023-08-09T19:26:09 IST" duration-ms="25057" status="PASS">
          <reporter-output>
          </reporter-output>
        </test-method> <!-- Login -->
        <test-method signature="process()[pri:0, instance:tests.EFA.Template_Master@8f2ef19]" started-at="2023-08-09T19:26:09 IST" name="process" finished-at="2023-08-09T19:26:30 IST" duration-ms="20404" status="PASS">
          <reporter-output>
          </reporter-output>
        </test-method> <!-- process -->
        <test-method is-config="true" signature="postCondition()[pri:0, instance:tests.EFA.Template_Master@8f2ef19]" started-at="2023-08-09T19:26:30 IST" name="postCondition" finished-at="2023-08-09T19:26:46 IST" duration-ms="16056" status="PASS">
          <reporter-output>
          </reporter-output>
        </test-method> <!-- postCondition -->
        <test-method is-config="true" signature="afterSuite()[pri:0, instance:tests.EFA.Template_Master@8f2ef19]" started-at="2023-08-09T19:26:46 IST" name="afterSuite" finished-at="2023-08-09T19:26:46 IST" duration-ms="523" status="PASS">
          <reporter-output>
          </reporter-output>
        </test-method> <!-- afterSuite -->
      </class> <!-- tests.EFA.Template_Master -->
    </test> <!-- Default test -->
  </suite> <!-- Default suite -->
</testng-results>
